

Interactions file read successfully
------------------------------------------------------------------------------------
Observed, Intra-chr in range: pairs= 4851	 totalCount= 3356801
Observed, Intra-chr all: pairs= 4851	 totalCount= 3356801
Observed, Inter-chr all: pairs= 0	 totalCount= 0
Range of observed genomic distances [360000 38520000]

Making equal occupancy bins
------------------------------------------------------------------------------------
Observed intra-chr read counts in range	3356801
Desired number of contacts per bin	33568.01,
Number of bins	100
Equal occupancy bins generated

Looping through all possible fragment pairs in-range
------------------------------------------------------------------------------------
Chromosome '21',	99 mappable fragments, 	4256 possible intra-chr fragment pairs in range,	0 possible inter-chr fragment pairs
Number of all fragments= 99
Possible, Intra-chr in range: pairs= 4256 
Possible, Intra-chr all: pairs= 4950.0 
Possible, Inter-chr all: pairs= 0.0 
Desired genomic distance range   [0 inf] 
Range of possible genomic distances  [360000  47880000] 
Baseline intrachromosomal probability is 0.00020202020202020202 
Interchromosomal probability is 0 

Calculating probability means and standard deviations of contact counts
------------------------------------------------------------------------------------
Means and error written to /mnt/ufs18/rs-027/compbio/wanglab/haowang/Proj13_Recon_3D_single_cell/data/diff_res_GM12878_DipC_fithic/fithic_res/merge_12_cell_13.fithic_pass1.res360000.txt


Fitting a univariate spline to the probability means
------------------------------------------------------------------------------------
Spline successfully fit


