

Interactions file read successfully
------------------------------------------------------------------------------------
Observed, Intra-chr in range: pairs= 19110	 totalCount= 3373691
Observed, Intra-chr all: pairs= 19110	 totalCount= 3373691
Observed, Inter-chr all: pairs= 0	 totalCount= 0
Range of observed genomic distances [180000 38520000]

Making equal occupancy bins
------------------------------------------------------------------------------------
Observed intra-chr read counts in range	3373691
Desired number of contacts per bin	33736.91,
Number of bins	100
Equal occupancy bins generated

Looping through all possible fragment pairs in-range
------------------------------------------------------------------------------------
Chromosome '21',	196 mappable fragments, 	16554 possible intra-chr fragment pairs in range,	0 possible inter-chr fragment pairs
Number of all fragments= 196
Possible, Intra-chr in range: pairs= 16554 
Possible, Intra-chr all: pairs= 19306.0 
Possible, Inter-chr all: pairs= 0.0 
Desired genomic distance range   [0 inf] 
Range of possible genomic distances  [180000  48060000] 
Baseline intrachromosomal probability is 5.179736869367036e-05 
Interchromosomal probability is 0 

Calculating probability means and standard deviations of contact counts
------------------------------------------------------------------------------------
Means and error written to /mnt/ufs18/rs-027/compbio/wanglab/haowang/Proj13_Recon_3D_single_cell/data/diff_res_GM12878_DipC_fithic/fithic_res/merge_6_cell_14.fithic_pass1.res180000.txt


Fitting a univariate spline to the probability means
------------------------------------------------------------------------------------
Spline successfully fit


