

Interactions file read successfully
------------------------------------------------------------------------------------
Observed, Intra-chr in range: pairs= 5778	 totalCount= 3309846
Observed, Intra-chr all: pairs= 5778	 totalCount= 3309846
Observed, Inter-chr all: pairs= 0	 totalCount= 0
Range of observed genomic distances [330000 38280000]

Making equal occupancy bins
------------------------------------------------------------------------------------
Observed intra-chr read counts in range	3309846
Desired number of contacts per bin	33098.46,
Number of bins	100
Equal occupancy bins generated

Looping through all possible fragment pairs in-range
------------------------------------------------------------------------------------
Chromosome '21',	108 mappable fragments, 	5075 possible intra-chr fragment pairs in range,	0 possible inter-chr fragment pairs
Number of all fragments= 108
Possible, Intra-chr in range: pairs= 5075 
Possible, Intra-chr all: pairs= 5886.0 
Possible, Inter-chr all: pairs= 0.0 
Desired genomic distance range   [0 inf] 
Range of possible genomic distances  [330000  47850000] 
Baseline intrachromosomal probability is 0.00016989466530750936 
Interchromosomal probability is 0 

Calculating probability means and standard deviations of contact counts
------------------------------------------------------------------------------------
Means and error written to /mnt/ufs18/rs-027/compbio/wanglab/haowang/Proj13_Recon_3D_single_cell/data/diff_res_GM12878_DipC_fithic/fithic_res/merge_11_cell_14.fithic_pass1.res330000.txt


Fitting a univariate spline to the probability means
------------------------------------------------------------------------------------
Spline successfully fit


