

Interactions file read successfully
------------------------------------------------------------------------------------
Observed, Intra-chr in range: pairs= 3081	 totalCount= 3249931
Observed, Intra-chr all: pairs= 3081	 totalCount= 3249931
Observed, Inter-chr all: pairs= 0	 totalCount= 0
Range of observed genomic distances [450000 38250000]

Making equal occupancy bins
------------------------------------------------------------------------------------
Observed intra-chr read counts in range	3249931
Desired number of contacts per bin	32499.31,
Number of bins	100
Equal occupancy bins generated

Looping through all possible fragment pairs in-range
------------------------------------------------------------------------------------
Chromosome '21',	79 mappable fragments, 	2703 possible intra-chr fragment pairs in range,	0 possible inter-chr fragment pairs
Number of all fragments= 79
Possible, Intra-chr in range: pairs= 2703 
Possible, Intra-chr all: pairs= 3160.0 
Possible, Inter-chr all: pairs= 0.0 
Desired genomic distance range   [0 inf] 
Range of possible genomic distances  [450000  47700000] 
Baseline intrachromosomal probability is 0.00031645569620253165 
Interchromosomal probability is 0 

Calculating probability means and standard deviations of contact counts
------------------------------------------------------------------------------------
Means and error written to /mnt/ufs18/rs-027/compbio/wanglab/haowang/Proj13_Recon_3D_single_cell/data/diff_res_GM12878_DipC_fithic/fithic_res/merge_15_cell_14.fithic_pass1.res450000.txt


Fitting a univariate spline to the probability means
------------------------------------------------------------------------------------
Spline successfully fit


