

Interactions file read successfully
------------------------------------------------------------------------------------
Observed, Intra-chr in range: pairs= 10585	 totalCount= 3650350
Observed, Intra-chr all: pairs= 10585	 totalCount= 3650350
Observed, Inter-chr all: pairs= 0	 totalCount= 0
Range of observed genomic distances [240000 38400000]

Making equal occupancy bins
------------------------------------------------------------------------------------
Observed intra-chr read counts in range	3650350
Desired number of contacts per bin	36503.5,
Number of bins	100
Equal occupancy bins generated

Looping through all possible fragment pairs in-range
------------------------------------------------------------------------------------
Chromosome '21',	146 mappable fragments, 	9100 possible intra-chr fragment pairs in range,	0 possible inter-chr fragment pairs
Number of all fragments= 146
Possible, Intra-chr in range: pairs= 9100 
Possible, Intra-chr all: pairs= 10731.0 
Possible, Inter-chr all: pairs= 0.0 
Desired genomic distance range   [0 inf] 
Range of possible genomic distances  [240000  48000000] 
Baseline intrachromosomal probability is 9.318796011555308e-05 
Interchromosomal probability is 0 

Calculating probability means and standard deviations of contact counts
------------------------------------------------------------------------------------
Means and error written to /mnt/ufs18/rs-027/compbio/wanglab/haowang/Proj13_Recon_3D_single_cell/data/diff_res_GM12878_DipC_fithic/fithic_res/merge_8_cell_2.fithic_pass1.res240000.txt


Fitting a univariate spline to the probability means
------------------------------------------------------------------------------------
Spline successfully fit


