

Interactions file read successfully
------------------------------------------------------------------------------------
Observed, Intra-chr in range: pairs= 8385	 totalCount= 3492925
Observed, Intra-chr all: pairs= 8385	 totalCount= 3492925
Observed, Inter-chr all: pairs= 0	 totalCount= 0
Range of observed genomic distances [270000 38610000]

Making equal occupancy bins
------------------------------------------------------------------------------------
Observed intra-chr read counts in range	3492925
Desired number of contacts per bin	34929.25,
Number of bins	100
Equal occupancy bins generated

Looping through all possible fragment pairs in-range
------------------------------------------------------------------------------------
Chromosome '21',	130 mappable fragments, 	7209 possible intra-chr fragment pairs in range,	0 possible inter-chr fragment pairs
Number of all fragments= 130
Possible, Intra-chr in range: pairs= 7209 
Possible, Intra-chr all: pairs= 8515.0 
Possible, Inter-chr all: pairs= 0.0 
Desired genomic distance range   [0 inf] 
Range of possible genomic distances  [270000  48060000] 
Baseline intrachromosomal probability is 0.00011743981209630065 
Interchromosomal probability is 0 

Calculating probability means and standard deviations of contact counts
------------------------------------------------------------------------------------
Means and error written to /mnt/ufs18/rs-027/compbio/wanglab/haowang/Proj13_Recon_3D_single_cell/data/diff_res_GM12878_DipC_fithic/fithic_res/merge_9_cell_11.fithic_pass1.res270000.txt


Fitting a univariate spline to the probability means
------------------------------------------------------------------------------------
Spline successfully fit


