

Interactions file read successfully
------------------------------------------------------------------------------------
Observed, Intra-chr in range: pairs= 74305	 totalCount= 3418405
Observed, Intra-chr all: pairs= 74305	 totalCount= 3418405
Observed, Inter-chr all: pairs= 0	 totalCount= 0
Range of observed genomic distances [90000 38520000]

Making equal occupancy bins
------------------------------------------------------------------------------------
Observed intra-chr read counts in range	3418405
Desired number of contacts per bin	34184.05,
Number of bins	100
Equal occupancy bins generated

Looping through all possible fragment pairs in-range
------------------------------------------------------------------------------------
Chromosome '21',	386 mappable fragments, 	63279 possible intra-chr fragment pairs in range,	0 possible inter-chr fragment pairs
Number of all fragments= 386
Possible, Intra-chr in range: pairs= 63279 
Possible, Intra-chr all: pairs= 74691.0 
Possible, Inter-chr all: pairs= 0.0 
Desired genomic distance range   [0 inf] 
Range of possible genomic distances  [90000  48060000] 
Baseline intrachromosomal probability is 1.3388493928318003e-05 
Interchromosomal probability is 0 

Calculating probability means and standard deviations of contact counts
------------------------------------------------------------------------------------
Means and error written to /mnt/ufs18/rs-027/compbio/wanglab/haowang/Proj13_Recon_3D_single_cell/data/diff_res_GM12878_DipC_fithic/fithic_res/merge_3_cell_12.fithic_pass1.res90000.txt


Fitting a univariate spline to the probability means
------------------------------------------------------------------------------------
Spline successfully fit


