

Interactions file read successfully
------------------------------------------------------------------------------------
Observed, Intra-chr in range: pairs= 8778	 totalCount= 3396797
Observed, Intra-chr all: pairs= 8778	 totalCount= 3396797
Observed, Inter-chr all: pairs= 0	 totalCount= 0
Range of observed genomic distances [270000 38610000]

Making equal occupancy bins
------------------------------------------------------------------------------------
Observed intra-chr read counts in range	3396797
Desired number of contacts per bin	33967.97,
Number of bins	100
Equal occupancy bins generated

Looping through all possible fragment pairs in-range
------------------------------------------------------------------------------------
Chromosome '21',	133 mappable fragments, 	7743 possible intra-chr fragment pairs in range,	0 possible inter-chr fragment pairs
Number of all fragments= 133
Possible, Intra-chr in range: pairs= 7743 
Possible, Intra-chr all: pairs= 8911.0 
Possible, Inter-chr all: pairs= 0.0 
Desired genomic distance range   [0 inf] 
Range of possible genomic distances  [270000  48060000] 
Baseline intrachromosomal probability is 0.00011222085063404781 
Interchromosomal probability is 0 

Calculating probability means and standard deviations of contact counts
------------------------------------------------------------------------------------
Means and error written to /mnt/ufs18/rs-027/compbio/wanglab/haowang/Proj13_Recon_3D_single_cell/data/diff_res_GM12878_DipC_fithic/fithic_res/merge_9_cell_13.fithic_pass1.res270000.txt


Fitting a univariate spline to the probability means
------------------------------------------------------------------------------------
Spline successfully fit


