

Interactions file read successfully
------------------------------------------------------------------------------------
Observed, Intra-chr in range: pairs= 18528	 totalCount= 3537390
Observed, Intra-chr all: pairs= 18528	 totalCount= 3537390
Observed, Inter-chr all: pairs= 0	 totalCount= 0
Range of observed genomic distances [180000 38520000]

Making equal occupancy bins
------------------------------------------------------------------------------------
Observed intra-chr read counts in range	3537390
Desired number of contacts per bin	35373.9,
Number of bins	100
Equal occupancy bins generated

Looping through all possible fragment pairs in-range
------------------------------------------------------------------------------------
Chromosome '21',	193 mappable fragments, 	15753 possible intra-chr fragment pairs in range,	0 possible inter-chr fragment pairs
Number of all fragments= 193
Possible, Intra-chr in range: pairs= 15753 
Possible, Intra-chr all: pairs= 18721.0 
Possible, Inter-chr all: pairs= 0.0 
Desired genomic distance range   [0 inf] 
Range of possible genomic distances  [180000  48060000] 
Baseline intrachromosomal probability is 5.34159500026708e-05 
Interchromosomal probability is 0 

Calculating probability means and standard deviations of contact counts
------------------------------------------------------------------------------------
Means and error written to /mnt/ufs18/rs-027/compbio/wanglab/haowang/Proj13_Recon_3D_single_cell/data/diff_res_GM12878_DipC_fithic/fithic_res/merge_6_cell_6.fithic_pass1.res180000.txt


Fitting a univariate spline to the probability means
------------------------------------------------------------------------------------
Spline successfully fit


