

Interactions file read successfully
------------------------------------------------------------------------------------
Observed, Intra-chr in range: pairs= 3655	 totalCount= 3260768
Observed, Intra-chr all: pairs= 3655	 totalCount= 3260768
Observed, Inter-chr all: pairs= 0	 totalCount= 0
Range of observed genomic distances [420000 38640000]

Making equal occupancy bins
------------------------------------------------------------------------------------
Observed intra-chr read counts in range	3260768
Desired number of contacts per bin	32607.68,
Number of bins	100
Equal occupancy bins generated

Looping through all possible fragment pairs in-range
------------------------------------------------------------------------------------
Chromosome '21',	86 mappable fragments, 	3249 possible intra-chr fragment pairs in range,	0 possible inter-chr fragment pairs
Number of all fragments= 86
Possible, Intra-chr in range: pairs= 3249 
Possible, Intra-chr all: pairs= 3741.0 
Possible, Inter-chr all: pairs= 0.0 
Desired genomic distance range   [0 inf] 
Range of possible genomic distances  [420000  47880000] 
Baseline intrachromosomal probability is 0.0002673082063619353 
Interchromosomal probability is 0 

Calculating probability means and standard deviations of contact counts
------------------------------------------------------------------------------------
Means and error written to /mnt/ufs18/rs-027/compbio/wanglab/haowang/Proj13_Recon_3D_single_cell/data/diff_res_GM12878_DipC_fithic/fithic_res/merge_14_cell_14.fithic_pass1.res420000.txt


Fitting a univariate spline to the probability means
------------------------------------------------------------------------------------
Spline successfully fit


