

Interactions file read successfully
------------------------------------------------------------------------------------
Observed, Intra-chr in range: pairs= 4278	 totalCount= 3631563
Observed, Intra-chr all: pairs= 4278	 totalCount= 3631563
Observed, Inter-chr all: pairs= 0	 totalCount= 0
Range of observed genomic distances [390000 38610000]

Making equal occupancy bins
------------------------------------------------------------------------------------
Observed intra-chr read counts in range	3631563
Desired number of contacts per bin	36315.63,
Number of bins	100
Equal occupancy bins generated

Looping through all possible fragment pairs in-range
------------------------------------------------------------------------------------
Chromosome '21',	93 mappable fragments, 	3813 possible intra-chr fragment pairs in range,	0 possible inter-chr fragment pairs
Number of all fragments= 93
Possible, Intra-chr in range: pairs= 3813 
Possible, Intra-chr all: pairs= 4371.0 
Possible, Inter-chr all: pairs= 0.0 
Desired genomic distance range   [0 inf] 
Range of possible genomic distances  [390000  47970000] 
Baseline intrachromosomal probability is 0.00022878059940517045 
Interchromosomal probability is 0 

Calculating probability means and standard deviations of contact counts
------------------------------------------------------------------------------------
Means and error written to /mnt/ufs18/rs-027/compbio/wanglab/haowang/Proj13_Recon_3D_single_cell/data/diff_res_GM12878_DipC_fithic/fithic_res/merge_13_cell_10.fithic_pass1.res390000.txt


Fitting a univariate spline to the probability means
------------------------------------------------------------------------------------
Spline successfully fit


