

Interactions file read successfully
------------------------------------------------------------------------------------
Observed, Intra-chr in range: pairs= 13530	 totalCount= 3530012
Observed, Intra-chr all: pairs= 13530	 totalCount= 3530012
Observed, Inter-chr all: pairs= 0	 totalCount= 0
Range of observed genomic distances [210000 38640000]

Making equal occupancy bins
------------------------------------------------------------------------------------
Observed intra-chr read counts in range	3530012
Desired number of contacts per bin	35300.12,
Number of bins	100
Equal occupancy bins generated

Looping through all possible fragment pairs in-range
------------------------------------------------------------------------------------
Chromosome '21',	165 mappable fragments, 	11450 possible intra-chr fragment pairs in range,	0 possible inter-chr fragment pairs
Number of all fragments= 165
Possible, Intra-chr in range: pairs= 11450 
Possible, Intra-chr all: pairs= 13695.0 
Possible, Inter-chr all: pairs= 0.0 
Desired genomic distance range   [0 inf] 
Range of possible genomic distances  [210000  48090000] 
Baseline intrachromosomal probability is 7.301935012778386e-05 
Interchromosomal probability is 0 

Calculating probability means and standard deviations of contact counts
------------------------------------------------------------------------------------
Means and error written to /mnt/ufs18/rs-027/compbio/wanglab/haowang/Proj13_Recon_3D_single_cell/data/diff_res_GM12878_DipC_fithic/fithic_res/merge_7_cell_11.fithic_pass1.res210000.txt


Fitting a univariate spline to the probability means
------------------------------------------------------------------------------------
Spline successfully fit


